Running: C:\Xilinx\14.7\ISE_DS\ISE\bin\nt64\unwrapped\fuse.exe -intstyle ise -incremental -o C:/Users/Ghost/Documents/Xilinx_Workspaces/trafficcontroller/tb_isim_beh.exe -prj C:/Users/Ghost/Documents/Xilinx_Workspaces/trafficcontroller/tb_beh.prj work.tb 
ISim P.20131013 (signature 0x7708f090)
Number of CPUs detected in this system: 8
Turning on mult-threading, number of parallel sub-compilation jobs: 16 
Determining compilation order of HDL files
Parsing VHDL file "C:/Users/Ghost/Documents/Xilinx_Workspaces/trafficcontroller/COUNTER.vhd" into library work
Parsing VHDL file "C:/Users/Ghost/Documents/Xilinx_Workspaces/trafficcontroller/MAIN.vhd" into library work
Parsing VHDL file "C:/Users/Ghost/Documents/Xilinx_Workspaces/trafficcontroller/tb.vhd" into library work
Starting static elaboration
Completed static elaboration
Compiling package standard
Compiling package std_logic_1164
Compiling architecture beh of entity COUNTER [counter_default]
Compiling architecture beh of entity TRAFFICWITHOUTSENSOR [trafficwithoutsensor_default]
Compiling architecture behavior of entity tb
Time Resolution for simulation is 1ps.
Compiled 7 VHDL Units
Built simulation executable C:/Users/Ghost/Documents/Xilinx_Workspaces/trafficcontroller/tb_isim_beh.exe
Fuse Memory Usage: 28784 KB
Fuse CPU Usage: 390 ms
